<?xml version="1.0" encoding="UTF-8"?>
<!-- Generated by org.testng.reporters.JUnitReportReporter -->
<testsuite hostname="HP_WIN_4" failures="0" tests="1" name="Functional_testcase.Test_01" time="13.202" errors="0" timestamp="2023-11-29T12:33:30 IST" skipped="0">
  <testcase classname="Functional_testcase.Test_01" name="one" time="13.202"/>
</testsuite> <!-- Functional_testcase.Test_01 -->
